Using pre-set license
Built from '2020.3/release' branch; Version is '2020.3.12f1 (b3b2c6512326) revision 11776710'; Using compiler version '192528614'; Build Type 'Release'
OS: 'Windows 10 Home Single Language; OS build 19044.1766; Version 2009; 64bit' Language: 'ru' Physical Memory: 8075 MB
BatchMode: 1, IsHumanControllingUs: 0, StartBugReporterOnCrash: 0, Is64bit: 1, IsPro: 0

 COMMAND LINE ARGUMENTS:
C:\Program Files\Unity\Editor\Unity.exe
-adb2
-batchMode
-noUpm
-name
AssetImportWorker0
-projectPath
C:/Users/fink7/UITrains
-logFile
Logs/AssetImportWorker0.log
-srvPort
63689
Successfully changed project path to: C:/Users/fink7/UITrains
C:/Users/fink7/UITrains
Using Asset Import Pipeline V2.
Refreshing native plugins compatible for Editor in 61.17 ms, found 3 plugins.
Preloading 0 native plugins for Editor in 0.00 ms.
Initialize engine version: 2020.3.12f1 (b3b2c6512326)
[Subsystems] Discovering subsystems at path C:/Program Files/Unity/Editor/Data/Resources/UnitySubsystems
[Subsystems] Discovering subsystems at path C:/Users/fink7/UITrains/Assets
GfxDevice: creating device client; threaded=0
Direct3D:
    Version:  Direct3D 11.0 [level 11.1]
    Renderer: NVIDIA GeForce GTX 1050 Ti (ID=0x1c8c)
    Vendor:   
    VRAM:     4029 MB
    Driver:   23.21.13.8816
Initialize mono
Mono path[0] = 'C:/Program Files/Unity/Editor/Data/Managed'
Mono path[1] = 'C:/Program Files/Unity/Editor/Data/MonoBleedingEdge/lib/mono/unityjit'
Mono config path = 'C:/Program Files/Unity/Editor/Data/MonoBleedingEdge/etc'
Using monoOptions --debugger-agent=transport=dt_socket,embedding=1,server=y,suspend=n,address=127.0.0.1:56944
Begin MonoManager ReloadAssembly
Registering precompiled unity dll's ...
Register platform support module: C:/Program Files/Unity/Editor/Data/PlaybackEngines/WebGLSupport/UnityEditor.WebGL.Extensions.dll
Register platform support module: C:/Program Files/Unity/Editor/Data/PlaybackEngines/WindowsStandaloneSupport/UnityEditor.WindowsStandalone.Extensions.dll
Registered in 0.003173 seconds.
Native extension for WindowsStandalone target not found
Native extension for WebGL target not found
Refreshing native plugins compatible for Editor in 56.93 ms, found 3 plugins.
Preloading 0 native plugins for Editor in 0.00 ms.
Mono: successfully reloaded assembly
- Completed reload, in  2.417 seconds
Platform modules already initialized, skipping
Registering precompiled user dll's ...
Registered in 0.005637 seconds.
Begin MonoManager ReloadAssembly
Native extension for WindowsStandalone target not found
Native extension for WebGL target not found
Refreshing native plugins compatible for Editor in 67.77 ms, found 3 plugins.
Preloading 0 native plugins for Editor in 0.00 ms.
Mono: successfully reloaded assembly
- Completed reload, in  1.803 seconds
Platform modules already initialized, skipping
========================================================================
Worker process is ready to serve import requests
Launched and connected shader compiler UnityShaderCompiler.exe after 0.08 seconds
Refreshing native plugins compatible for Editor in 0.55 ms, found 3 plugins.
Preloading 0 native plugins for Editor in 0.00 ms.
Unloading 2080 Unused Serialized files (Serialized files now loaded: 0)
System memory in use before: 93.0 MB.
System memory in use after: 92.9 MB.

Unloading 33 unused Assets to reduce memory usage. Loaded Objects now: 2514.
Total: 2.991300 ms (FindLiveObjects: 0.281100 ms CreateObjectMapping: 0.153800 ms MarkObjects: 2.380900 ms  DeleteObjects: 0.173900 ms)

AssetImportParameters requested are different than current active one (requested -> active):
  custom:framework-win-MediaFoundation: 216162199b28c13a410421893ffa2e32 -> 
  custom:video-decoder-ogg-theora: a1e56fd34408186e4bbccfd4996cb3dc -> 
  custom:container-muxer-webm: aa71ff27fc2769a1b78a27578f13a17b -> 
  custom:container-demuxer-webm: 4f35f7cbe854078d1ac9338744f61a02 -> 
  custom:container-demuxer-ogg: 62fdf1f143b41e24485cea50d1cbac27 -> 
  custom:video-encoder-webm-vp8: eb34c28f22e8b96e1ab97ce403110664 -> 
  custom:video-decoder-webm-vp8: 9c59270c3fd7afecdb556c50c9e8de78 -> 
  custom:audio-decoder-ogg-vorbis: bf7c407c2cedff20999df2af8eb42d56 -> 
  custom:audio-encoder-webm-vorbis: bf7c407c2cedff20999df2af8eb42d56 -> 
========================================================================
Received Import Request.
  path: Assets
  artifactKey: Guid(00000000000000001000000000000000) Importer(815301076,1909f56bfc062723c751e8b465ee728b)
Start importing Assets using Guid(00000000000000001000000000000000) Importer(815301076,1909f56bfc062723c751e8b465ee728b)  -> (artifact id: '42d402b061de3733987d63b9cc3b64de') in 0.015214 seconds 
  Import took 0.026031 seconds .

========================================================================
Received Import Request.
  Time since last request: 7.658578 seconds.
  path: Assets/Resources
  artifactKey: Guid(b7d550c68dc89564b92afe02c051f634) Importer(815301076,1909f56bfc062723c751e8b465ee728b)
Start importing Assets/Resources using Guid(b7d550c68dc89564b92afe02c051f634) Importer(815301076,1909f56bfc062723c751e8b465ee728b)  -> (artifact id: 'a6c32e9ac02fd4b0ad06216e81d0975a') in 0.012173 seconds 
  Import took 0.024344 seconds .

========================================================================
Received Import Request.
  Time since last request: 5.880782 seconds.
  path: Assets/Resources/2022-06-30_21-04-34.png
  artifactKey: Guid(6016868c5ad4c9643b134e505b4aec2b) Importer(815301076,1909f56bfc062723c751e8b465ee728b)
Start importing Assets/Resources/2022-06-30_21-04-34.png using Guid(6016868c5ad4c9643b134e505b4aec2b) Importer(815301076,1909f56bfc062723c751e8b465ee728b)  -> (artifact id: '3dd25f5c8474f1d3c5788c705082fe47') in 0.194012 seconds 
  Import took 0.199635 seconds .

========================================================================
Received Import Request.
  Time since last request: 228766.773830 seconds.
  path: Assets/Resources/route.png
  artifactKey: Guid(6fa41b6d57f1fc946815db9c9d277ab7) Importer(815301076,1909f56bfc062723c751e8b465ee728b)
Start importing Assets/Resources/route.png using Guid(6fa41b6d57f1fc946815db9c9d277ab7) Importer(815301076,1909f56bfc062723c751e8b465ee728b)  -> (artifact id: '08cf465335513b3ec3629e45f87c2956') in 0.195442 seconds 
  Import took 0.337168 seconds .

========================================================================
Received Import Request.
  Time since last request: 236.999106 seconds.
  path: Assets/Resources/route.png
  artifactKey: Guid(6fa41b6d57f1fc946815db9c9d277ab7) Importer(815301076,1909f56bfc062723c751e8b465ee728b)
Start importing Assets/Resources/route.png using Guid(6fa41b6d57f1fc946815db9c9d277ab7) Importer(815301076,1909f56bfc062723c751e8b465ee728b)  -> (artifact id: '512bf3aa493e743a771a4626adf2c93e') in 0.035254 seconds 
  Import took 0.042418 seconds .

========================================================================
Received Import Request.
  Time since last request: 931.241142 seconds.
  path: Assets/Resources/Buttons.png
  artifactKey: Guid(85392c8dba5aa2640a74bc29d58a6f8a) Importer(815301076,1909f56bfc062723c751e8b465ee728b)
Start importing Assets/Resources/Buttons.png using Guid(85392c8dba5aa2640a74bc29d58a6f8a) Importer(815301076,1909f56bfc062723c751e8b465ee728b)  -> (artifact id: 'b66c2d72a4a9ae85d74c46793ddd3920') in 0.044012 seconds 
  Import took 0.051196 seconds .

========================================================================
Received Import Request.
  Time since last request: 48.935563 seconds.
  path: Assets/Resources/Buttons.png
  artifactKey: Guid(85392c8dba5aa2640a74bc29d58a6f8a) Importer(815301076,1909f56bfc062723c751e8b465ee728b)
Start importing Assets/Resources/Buttons.png using Guid(85392c8dba5aa2640a74bc29d58a6f8a) Importer(815301076,1909f56bfc062723c751e8b465ee728b)  -> (artifact id: 'e49c2f9cccd014cf5632b85edb5691b5') in 0.017163 seconds 
  Import took 0.022094 seconds .

========================================================================
Received Import Request.
  Time since last request: 0.006280 seconds.
  path: Assets/Resources/Buttons.png
  artifactKey: Guid(85392c8dba5aa2640a74bc29d58a6f8a) Importer(815301076,1909f56bfc062723c751e8b465ee728b)
Start importing Assets/Resources/Buttons.png using Guid(85392c8dba5aa2640a74bc29d58a6f8a) Importer(815301076,1909f56bfc062723c751e8b465ee728b)  -> (artifact id: 'e49c2f9cccd014cf5632b85edb5691b5') in 0.022922 seconds 
  Import took 0.029934 seconds .

========================================================================
Received Import Request.
  Time since last request: 221.504803 seconds.
  path: Assets/Resources/Buttons.png
  artifactKey: Guid(85392c8dba5aa2640a74bc29d58a6f8a) Importer(815301076,1909f56bfc062723c751e8b465ee728b)
Start importing Assets/Resources/Buttons.png using Guid(85392c8dba5aa2640a74bc29d58a6f8a) Importer(815301076,1909f56bfc062723c751e8b465ee728b)  -> (artifact id: '2458458bb54127605aa504d1a8d18eca') in 0.048028 seconds 
  Import took 0.053119 seconds .

========================================================================
Received Import Request.
  Time since last request: 21.505405 seconds.
  path: Assets/Resources/Original.png
  artifactKey: Guid(6fa41b6d57f1fc946815db9c9d277ab7) Importer(815301076,1909f56bfc062723c751e8b465ee728b)
Start importing Assets/Resources/Original.png using Guid(6fa41b6d57f1fc946815db9c9d277ab7) Importer(815301076,1909f56bfc062723c751e8b465ee728b)  -> (artifact id: 'b28bd9dbb316f68c791c01352fcd7aff') in 0.032991 seconds 
  Import took 0.037724 seconds .

========================================================================
Received Import Request.
  Time since last request: 626.005557 seconds.
  path: Assets/Resources/Untitled.png
  artifactKey: Guid(02d5e6c55ac3d9b4bb9010a5b6be2e23) Importer(815301076,1909f56bfc062723c751e8b465ee728b)
Start importing Assets/Resources/Untitled.png using Guid(02d5e6c55ac3d9b4bb9010a5b6be2e23) Importer(815301076,1909f56bfc062723c751e8b465ee728b)  -> (artifact id: '8a505f8644e36c0a04681ba66c35e242') in 0.030503 seconds 
  Import took 0.035482 seconds .

========================================================================
Received Import Request.
  Time since last request: 29.504169 seconds.
  path: Assets/Resources/TrainIndicators.png
  artifactKey: Guid(02d5e6c55ac3d9b4bb9010a5b6be2e23) Importer(815301076,1909f56bfc062723c751e8b465ee728b)
Start importing Assets/Resources/TrainIndicators.png using Guid(02d5e6c55ac3d9b4bb9010a5b6be2e23) Importer(815301076,1909f56bfc062723c751e8b465ee728b)  -> (artifact id: 'b720fcda1c941e0cf4b49e67181638ad') in 0.019210 seconds 
  Import took 0.025608 seconds .

========================================================================
Received Import Request.
  Time since last request: 10.208793 seconds.
  path: Assets/Resources/TrainIndicators.png
  artifactKey: Guid(02d5e6c55ac3d9b4bb9010a5b6be2e23) Importer(815301076,1909f56bfc062723c751e8b465ee728b)
Start importing Assets/Resources/TrainIndicators.png using Guid(02d5e6c55ac3d9b4bb9010a5b6be2e23) Importer(815301076,1909f56bfc062723c751e8b465ee728b)  -> (artifact id: '29612cfd5f0c44150d60a79a791d13ef') in 0.015714 seconds 
  Import took 0.020493 seconds .

========================================================================
Received Import Request.
  Time since last request: 94.143442 seconds.
  path: Assets/Resources/TrainIndicators.png
  artifactKey: Guid(02d5e6c55ac3d9b4bb9010a5b6be2e23) Importer(815301076,1909f56bfc062723c751e8b465ee728b)
Start importing Assets/Resources/TrainIndicators.png using Guid(02d5e6c55ac3d9b4bb9010a5b6be2e23) Importer(815301076,1909f56bfc062723c751e8b465ee728b)  -> (artifact id: '8eb05a63114f36d2ec95210dedd9a364') in 0.044227 seconds 
  Import took 0.050985 seconds .

========================================================================
Received Prepare
Registering precompiled user dll's ...
Registered in 0.240068 seconds.
Begin MonoManager ReloadAssembly
Native extension for WindowsStandalone target not found
Native extension for WebGL target not found
Refreshing native plugins compatible for Editor in 0.54 ms, found 3 plugins.
Preloading 0 native plugins for Editor in 0.00 ms.
Mono: successfully reloaded assembly
- Completed reload, in  1.911 seconds
Platform modules already initialized, skipping
Switching build target platform(19) subTarget(0) extendedPlatform(0) -> platform(13) subTarget(537395200) extendedPlatform(0)
Refreshing native plugins compatible for Editor in 0.45 ms, found 3 plugins.
Preloading 0 native plugins for Editor in 0.00 ms.
Unloading 2079 Unused Serialized files (Serialized files now loaded: 0)
System memory in use before: 95.9 MB.
System memory in use after: 95.9 MB.

Unloading 21 unused Assets to reduce memory usage. Loaded Objects now: 2548.
Total: 3.567500 ms (FindLiveObjects: 0.236900 ms CreateObjectMapping: 0.090000 ms MarkObjects: 3.011900 ms  DeleteObjects: 0.227400 ms)

AssetImportParameters requested are different than current active one (requested -> active):
  custom:framework-win-MediaFoundation: 216162199b28c13a410421893ffa2e32 -> 
  custom:video-decoder-ogg-theora: a1e56fd34408186e4bbccfd4996cb3dc -> 
  custom:container-muxer-webm: aa71ff27fc2769a1b78a27578f13a17b -> 
  custom:container-demuxer-webm: 4f35f7cbe854078d1ac9338744f61a02 -> 
  custom:container-demuxer-ogg: 62fdf1f143b41e24485cea50d1cbac27 -> 
  custom:video-encoder-webm-vp8: eb34c28f22e8b96e1ab97ce403110664 -> 
  custom:video-decoder-webm-vp8: 9c59270c3fd7afecdb556c50c9e8de78 -> 
  custom:graphics/normal-map-encoding: 01000000000000000000000000000000 -> 02000000000000000000000000000000
  custom:audio-decoder-ogg-vorbis: bf7c407c2cedff20999df2af8eb42d56 -> 
  custom:audio-encoder-webm-vorbis: bf7c407c2cedff20999df2af8eb42d56 -> 
========================================================================
Received Prepare
Refreshing native plugins compatible for Editor in 5.18 ms, found 3 plugins.
Preloading 0 native plugins for Editor in 0.00 ms.
Unloading 19 Unused Serialized files (Serialized files now loaded: 0)
System memory in use before: 55.3 MB.
System memory in use after: 55.3 MB.

Unloading 19 unused Assets to reduce memory usage. Loaded Objects now: 2548.
Total: 3.116100 ms (FindLiveObjects: 0.636700 ms CreateObjectMapping: 0.193800 ms MarkObjects: 2.104600 ms  DeleteObjects: 0.180200 ms)

AssetImportParameters requested are different than current active one (requested -> active):
  custom:framework-win-MediaFoundation: 216162199b28c13a410421893ffa2e32 -> 
  custom:video-decoder-ogg-theora: a1e56fd34408186e4bbccfd4996cb3dc -> 
  custom:container-muxer-webm: aa71ff27fc2769a1b78a27578f13a17b -> 
  custom:container-demuxer-webm: 4f35f7cbe854078d1ac9338744f61a02 -> 
  custom:container-demuxer-ogg: 62fdf1f143b41e24485cea50d1cbac27 -> 
  custom:video-encoder-webm-vp8: eb34c28f22e8b96e1ab97ce403110664 -> 
  custom:video-decoder-webm-vp8: 9c59270c3fd7afecdb556c50c9e8de78 -> 
  custom:audio-decoder-ogg-vorbis: bf7c407c2cedff20999df2af8eb42d56 -> 
  custom:audio-encoder-webm-vorbis: bf7c407c2cedff20999df2af8eb42d56 -> 
========================================================================
Received Import Request.
  Time since last request: 2512.956728 seconds.
  path: Assets/Prefabs
  artifactKey: Guid(8e6f49e662d8f3440bcb9f3aa996793d) Importer(815301076,1909f56bfc062723c751e8b465ee728b)
Start importing Assets/Prefabs using Guid(8e6f49e662d8f3440bcb9f3aa996793d) Importer(815301076,1909f56bfc062723c751e8b465ee728b)  -> (artifact id: '87c3ed97391352b2e12bf33db9a6d2b7') in 0.011582 seconds 
  Import took 0.017198 seconds .

========================================================================
Received Import Request.
  Time since last request: 14.727273 seconds.
  path: Assets/Prefabs/AddAndDelTrainsButtonPanel.prefab
  artifactKey: Guid(d2915dd7ca4ac4e4caddd7367a8d8c12) Importer(815301076,1909f56bfc062723c751e8b465ee728b)
Start importing Assets/Prefabs/AddAndDelTrainsButtonPanel.prefab using Guid(d2915dd7ca4ac4e4caddd7367a8d8c12) Importer(815301076,1909f56bfc062723c751e8b465ee728b)  -> (artifact id: '004767261fede04f46bbc343ba190600') in 0.080046 seconds 
  Import took 0.083998 seconds .

========================================================================
Received Import Request.
  Time since last request: 151.376010 seconds.
  path: Assets/Prefabs/AddAndDelTrainsButtonPanel.prefab
  artifactKey: Guid(d2915dd7ca4ac4e4caddd7367a8d8c12) Importer(815301076,1909f56bfc062723c751e8b465ee728b)
Start importing Assets/Prefabs/AddAndDelTrainsButtonPanel.prefab using Guid(d2915dd7ca4ac4e4caddd7367a8d8c12) Importer(815301076,1909f56bfc062723c751e8b465ee728b)  -> (artifact id: '7dcacf4a33565f6c6feeac145a50b502') in 0.006362 seconds 
  Import took 0.011380 seconds .

========================================================================
Received Import Request.
  Time since last request: 0.007735 seconds.
  path: Assets/Prefabs/AddAndDelTrainsButtonPanel.prefab
  artifactKey: Guid(d2915dd7ca4ac4e4caddd7367a8d8c12) Importer(815301076,1909f56bfc062723c751e8b465ee728b)
Start importing Assets/Prefabs/AddAndDelTrainsButtonPanel.prefab using Guid(d2915dd7ca4ac4e4caddd7367a8d8c12) Importer(815301076,1909f56bfc062723c751e8b465ee728b)  -> (artifact id: '7dcacf4a33565f6c6feeac145a50b502') in 0.006994 seconds 
  Import took 0.011409 seconds .

========================================================================
Received Import Request.
  Time since last request: 200.150758 seconds.
  path: Assets/Prefabs/AddAndDelTrainsButtonPanel.prefab
  artifactKey: Guid(d2915dd7ca4ac4e4caddd7367a8d8c12) Importer(815301076,1909f56bfc062723c751e8b465ee728b)
Start importing Assets/Prefabs/AddAndDelTrainsButtonPanel.prefab using Guid(d2915dd7ca4ac4e4caddd7367a8d8c12) Importer(815301076,1909f56bfc062723c751e8b465ee728b)  -> (artifact id: 'f94b557e622c5d69b8adbff6de647bd0') in 0.007790 seconds 
  Import took 0.012725 seconds .

========================================================================
Received Import Request.
  Time since last request: 0.006925 seconds.
  path: Assets/Prefabs/AddAndDelTrainsButtonPanel.prefab
  artifactKey: Guid(d2915dd7ca4ac4e4caddd7367a8d8c12) Importer(815301076,1909f56bfc062723c751e8b465ee728b)
Start importing Assets/Prefabs/AddAndDelTrainsButtonPanel.prefab using Guid(d2915dd7ca4ac4e4caddd7367a8d8c12) Importer(815301076,1909f56bfc062723c751e8b465ee728b)  -> (artifact id: 'f94b557e622c5d69b8adbff6de647bd0') in 0.007617 seconds 
  Import took 0.012020 seconds .

========================================================================
Received Import Request.
  Time since last request: 157.740071 seconds.
  path: Assets/Prefabs/AddButton.prefab
  artifactKey: Guid(91305e4f225a986488b015e8e9c86253) Importer(815301076,1909f56bfc062723c751e8b465ee728b)
Start importing Assets/Prefabs/AddButton.prefab using Guid(91305e4f225a986488b015e8e9c86253) Importer(815301076,1909f56bfc062723c751e8b465ee728b)  -> (artifact id: '269d1ab80970ea7cd0b166bdd5ab297b') in 0.010606 seconds 
  Import took 0.014748 seconds .

========================================================================
Received Import Request.
  Time since last request: 0.004862 seconds.
  path: Assets/Prefabs/AddButton.prefab
  artifactKey: Guid(91305e4f225a986488b015e8e9c86253) Importer(815301076,1909f56bfc062723c751e8b465ee728b)
Start importing Assets/Prefabs/AddButton.prefab using Guid(91305e4f225a986488b015e8e9c86253) Importer(815301076,1909f56bfc062723c751e8b465ee728b)  -> (artifact id: '269d1ab80970ea7cd0b166bdd5ab297b') in 0.006795 seconds 
  Import took 0.011550 seconds .

========================================================================
Received Import Request.
  Time since last request: 746.293179 seconds.
  path: Assets/Prefabs/MoveTrainButton.prefab
  artifactKey: Guid(f7d3b26cc0444cc438ad6792e10e8d9a) Importer(815301076,1909f56bfc062723c751e8b465ee728b)
Start importing Assets/Prefabs/MoveTrainButton.prefab using Guid(f7d3b26cc0444cc438ad6792e10e8d9a) Importer(815301076,1909f56bfc062723c751e8b465ee728b)  -> (artifact id: 'beb141b9bcabbe6b8d041b4df8b11184') in 0.012859 seconds 
  Import took 0.017327 seconds .

========================================================================
Received Import Request.
  Time since last request: 0.001638 seconds.
  path: Assets/Prefabs/MoveTrainButton.prefab
  artifactKey: Guid(f7d3b26cc0444cc438ad6792e10e8d9a) Importer(815301076,1909f56bfc062723c751e8b465ee728b)
Start importing Assets/Prefabs/MoveTrainButton.prefab using Guid(f7d3b26cc0444cc438ad6792e10e8d9a) Importer(815301076,1909f56bfc062723c751e8b465ee728b)  -> (artifact id: 'beb141b9bcabbe6b8d041b4df8b11184') in 0.006823 seconds 
  Import took 0.013213 seconds .

========================================================================
Received Import Request.
  Time since last request: 4325.859677 seconds.
  path: Assets/Resources/Untitled.png
  artifactKey: Guid(746aa2009edcf384ea756a7d27b99523) Importer(815301076,1909f56bfc062723c751e8b465ee728b)
Start importing Assets/Resources/Untitled.png using Guid(746aa2009edcf384ea756a7d27b99523) Importer(815301076,1909f56bfc062723c751e8b465ee728b)  -> (artifact id: '72d075a1bebe4defdaa3078987165324') in 0.184091 seconds 
  Import took 0.206030 seconds .

========================================================================
Received Import Request.
  Time since last request: 2.049343 seconds.
  path: Assets/Resources/Untitled.png
  artifactKey: Guid(746aa2009edcf384ea756a7d27b99523) Importer(815301076,1909f56bfc062723c751e8b465ee728b)
Start importing Assets/Resources/Untitled.png using Guid(746aa2009edcf384ea756a7d27b99523) Importer(815301076,1909f56bfc062723c751e8b465ee728b)  -> (artifact id: '72d075a1bebe4defdaa3078987165324') in 0.030786 seconds 
  Import took 0.036528 seconds .

========================================================================
Received Import Request.
  Time since last request: 12.346654 seconds.
  path: Assets/Resources/BgPanels.png
  artifactKey: Guid(746aa2009edcf384ea756a7d27b99523) Importer(815301076,1909f56bfc062723c751e8b465ee728b)
Start importing Assets/Resources/BgPanels.png using Guid(746aa2009edcf384ea756a7d27b99523) Importer(815301076,1909f56bfc062723c751e8b465ee728b)  -> (artifact id: '015fd23f4c731d1f5eaaaca78a955aa5') in 0.039280 seconds 
  Import took 0.043238 seconds .

========================================================================
Received Import Request.
  Time since last request: 7.998136 seconds.
  path: Assets/Resources/BgPanels.png
  artifactKey: Guid(746aa2009edcf384ea756a7d27b99523) Importer(815301076,1909f56bfc062723c751e8b465ee728b)
Start importing Assets/Resources/BgPanels.png using Guid(746aa2009edcf384ea756a7d27b99523) Importer(815301076,1909f56bfc062723c751e8b465ee728b)  -> (artifact id: 'd36fde6ee55e0a215421e4271fbb3fb6') in 0.034072 seconds 
  Import took 0.040534 seconds .

========================================================================
Received Import Request.
  Time since last request: 164.869075 seconds.
  path: Assets/Resources/BgPanels.png
  artifactKey: Guid(746aa2009edcf384ea756a7d27b99523) Importer(815301076,1909f56bfc062723c751e8b465ee728b)
Start importing Assets/Resources/BgPanels.png using Guid(746aa2009edcf384ea756a7d27b99523) Importer(815301076,1909f56bfc062723c751e8b465ee728b)  -> (artifact id: '79c64eb5659737e082aaebbf0660411f') in 0.071068 seconds 
  Import took 0.077263 seconds .

========================================================================
Received Import Request.
  Time since last request: 101.387928 seconds.
  path: Assets/Resources/BgPanels.png
  artifactKey: Guid(746aa2009edcf384ea756a7d27b99523) Importer(815301076,1909f56bfc062723c751e8b465ee728b)
Start importing Assets/Resources/BgPanels.png using Guid(746aa2009edcf384ea756a7d27b99523) Importer(815301076,1909f56bfc062723c751e8b465ee728b)  -> (artifact id: '2449d89b5e6ed2b7ad92333f50354b8e') in 0.057735 seconds 
  Import took 0.061367 seconds .

========================================================================
Received Import Request.
  Time since last request: 72.814673 seconds.
  path: Assets/Resources/BgPanels.png
  artifactKey: Guid(746aa2009edcf384ea756a7d27b99523) Importer(815301076,1909f56bfc062723c751e8b465ee728b)
Start importing Assets/Resources/BgPanels.png using Guid(746aa2009edcf384ea756a7d27b99523) Importer(815301076,1909f56bfc062723c751e8b465ee728b)  -> (artifact id: '29ea60266d1f4848bbb45ce8767a6588') in 0.049535 seconds 
  Import took 0.053763 seconds .

========================================================================
Received Import Request.
  Time since last request: 182.058563 seconds.
  path: Assets/Resources/Buttons.png
  artifactKey: Guid(85392c8dba5aa2640a74bc29d58a6f8a) Importer(815301076,1909f56bfc062723c751e8b465ee728b)
Start importing Assets/Resources/Buttons.png using Guid(85392c8dba5aa2640a74bc29d58a6f8a) Importer(815301076,1909f56bfc062723c751e8b465ee728b)  -> (artifact id: '6b9b2931e1761ee40880ec4b7e1fa14d') in 0.090112 seconds 
  Import took 0.095001 seconds .

========================================================================
Received Import Request.
  Time since last request: 0.000359 seconds.
  path: Assets/Resources/Original.png
  artifactKey: Guid(6fa41b6d57f1fc946815db9c9d277ab7) Importer(815301076,1909f56bfc062723c751e8b465ee728b)
Start importing Assets/Resources/Original.png using Guid(6fa41b6d57f1fc946815db9c9d277ab7) Importer(815301076,1909f56bfc062723c751e8b465ee728b)  -> (artifact id: '9fbb51d6aa4b98e393347cf1a8ae9c7a') in 0.089190 seconds 
  Import took 0.093166 seconds .

========================================================================
Received Import Request.
  Time since last request: 0.000412 seconds.
  path: Assets/Resources/TrainIndicators.png
  artifactKey: Guid(02d5e6c55ac3d9b4bb9010a5b6be2e23) Importer(815301076,1909f56bfc062723c751e8b465ee728b)
Start importing Assets/Resources/TrainIndicators.png using Guid(02d5e6c55ac3d9b4bb9010a5b6be2e23) Importer(815301076,1909f56bfc062723c751e8b465ee728b)  -> (artifact id: '4882c2e1d20024cb9edf8d6d079f46bb') in 0.081162 seconds 
  Import took 0.085402 seconds .

========================================================================
Received Import Request.
  Time since last request: 0.000287 seconds.
  path: Assets/Resources/Original.png
  artifactKey: Guid(6fa41b6d57f1fc946815db9c9d277ab7) Importer(815301076,1909f56bfc062723c751e8b465ee728b)
Start importing Assets/Resources/Original.png using Guid(6fa41b6d57f1fc946815db9c9d277ab7) Importer(815301076,1909f56bfc062723c751e8b465ee728b)  -> (artifact id: '9fbb51d6aa4b98e393347cf1a8ae9c7a') in 0.025698 seconds 
  Import took 0.029355 seconds .

========================================================================
Received Import Request.
  Time since last request: 27.015639 seconds.
  path: Assets/Resources/Buttons.png
  artifactKey: Guid(85392c8dba5aa2640a74bc29d58a6f8a) Importer(815301076,1909f56bfc062723c751e8b465ee728b)
Start importing Assets/Resources/Buttons.png using Guid(85392c8dba5aa2640a74bc29d58a6f8a) Importer(815301076,1909f56bfc062723c751e8b465ee728b)  -> (artifact id: 'f4a6156f52d2d8d0c01d3cc2548af3e5') in 0.081291 seconds 
  Import took 0.085200 seconds .

========================================================================
Received Import Request.
  Time since last request: 1114.451639 seconds.
  path: Assets/Resources/TrainIndicators.png
  artifactKey: Guid(02d5e6c55ac3d9b4bb9010a5b6be2e23) Importer(815301076,1909f56bfc062723c751e8b465ee728b)
Start importing Assets/Resources/TrainIndicators.png using Guid(02d5e6c55ac3d9b4bb9010a5b6be2e23) Importer(815301076,1909f56bfc062723c751e8b465ee728b)  -> (artifact id: 'ace97390d468a06afc3b8f7d7a01a57f') in 0.059243 seconds 
  Import took 0.064490 seconds .

AssetImportWorkerClient::OnTransportError - code=2 error=End of file
